<?xml version="1.0" encoding="UTF-8"?>
<!-- Generated by org.testng.reporters.JUnitReportReporter -->
<testsuite hostname="USHYDVRAJA2" failures="0" tests="1" name="com.inetbanking.testCases.TC_AddCustomerTest_003" time="18.429" errors="0" timestamp="2021-08-23T22:51:42 IST" skipped="0">
  <testcase classname="com.inetbanking.testCases.TC_AddCustomerTest_003" name="addNewCustomer" time="18.429"/>
  <system-out/>
</testsuite> <!-- com.inetbanking.testCases.TC_AddCustomerTest_003 -->
